2024-06-17 08:02:23 +0000 [MT] Initial pipeline context: <IDEDistributionProcessingPipelineContext: 0x10a2d7370; archive(resolved)="<IDEArchive: 0x600002178780>", distributionTask(resolved)="2", distributionDestination(resolved)="1", distributionMethod(resolved)="<IDEDistributionMethodDevelopmentSigned: 0x6000007a2430>", team(resolved)="<IDEProvisioningBasicTeam: 0x60000042d820; teamID='GDT3GT22C8', teamName='(null)'>">
	Chain (14, self inclusive):
	<IDEDistributionProcessingPipelineContext: 0x10a2d7370; archive = "<IDEArchive: 0x600002178780>", distributionMethod="<IDEDistributionMethodDevelopmentSigned: 0x6000007a2430>", team="<IDEProvisioningBasicTeam: 0x60000042d820; teamID='GDT3GT22C8', teamName='(null)'>">
	<IDEDistributionProcessingPipelineContext: 0x10a2d01d0; archive = "<IDEArchive: 0x600002178780>", distributionMethod="<IDEDistributionMethodDevelopmentSigned: 0x6000007a2430>", team="<IDEProvisioningBasicTeam: 0x60000042d820; teamID='GDT3GT22C8', teamName='(null)'>">
	<IDEDistributionContext: 0x10a2fd470; archive = "<IDEArchive: 0x600002178780>", distributionMethod="<IDEDistributionMethodDevelopmentSigned: 0x6000007a2430>", team="<IDEProvisioningBasicTeam: 0x60000042d820; teamID='GDT3GT22C8', teamName='(null)'>">
	<IDEDistributionContext: 0x113255340; archive = "<IDEArchive: 0x600002178780>", distributionMethod="<IDEDistributionMethodDevelopmentSigned: 0x6000007a2430>", team="<IDEProvisioningBasicTeam: 0x60000042d820; teamID='GDT3GT22C8', teamName='(null)'>">
	<IDEDistributionContext: 0x113254a40; archive = "<IDEArchive: 0x600002178780>", distributionMethod="<IDEDistributionMethodDevelopmentSigned: 0x6000007a2430>", team="<IDEProvisioningBasicTeam: 0x60000042d820; teamID='GDT3GT22C8', teamName='(null)'>">
	<IDEDistributionContext: 0x1132545f0; archive = "<IDEArchive: 0x600002178780>", distributionMethod="<IDEDistributionMethodDevelopmentSigned: 0x6000007a2430>", team="<IDEProvisioningBasicTeam: 0x60000042d820; teamID='GDT3GT22C8', teamName='(null)'>">
	<IDEDistributionContext: 0x10ad551f0; archive = "<IDEArchive: 0x600002178780>", distributionMethod="<IDEDistributionMethodDevelopmentSigned: 0x6000007a2430>", team="<IDEProvisioningBasicTeam: 0x60000042d820; teamID='GDT3GT22C8', teamName='(null)'>">
	<IDEDistributionContext: 0x11324e400; archive = "<IDEArchive: 0x600002178780>", distributionMethod="<IDEDistributionMethodDevelopmentSigned: 0x6000007a2430>", team="<IDEProvisioningBasicTeam: 0x60000042d820; teamID='GDT3GT22C8', teamName='(null)'>">
	<IDEDistributionContext: 0x10ad55a30; archive = "<IDEArchive: 0x600002178780>", distributionMethod="<IDEDistributionMethodDevelopmentSigned: 0x6000007a2430>", team="<IDEProvisioningBasicTeam: 0x60000042d820; teamID='GDT3GT22C8', teamName='(null)'>">
	<IDEDistributionContext: 0x10ad55800; archive = "<IDEArchive: 0x600002178780>", distributionMethod="<IDEDistributionMethodDevelopmentSigned: 0x6000007a2430>", team="(null)">
	<IDEDistributionContext: 0x10ad54e20; archive = "<IDEArchive: 0x600002178780>", distributionMethod="<IDEDistributionMethodDevelopmentSigned: 0x6000007a2430>", team="(null)">
	<IDEDistributionContext: 0x10ad54bf0; archive = "<IDEArchive: 0x600002178780>", distributionMethod="<IDEDistributionMethodDevelopmentSigned: 0x6000007a2430>", team="(null)">
	<IDEDistributionContext: 0x127f2dde0; archive = "<IDEArchive: 0x600002178780>", distributionMethod="<IDEDistributionMethodDevelopmentSigned: 0x6000007a2430>", team="(null)">
	<IDEDistributionContext: 0x10ad46590; archive = "<IDEArchive: 0x600002178780>", distributionMethod="(null)", team="(null)">
</IDEDistributionProcessingPipelineContext: 0x10a2d7370>
2024-06-17 08:02:23 +0000 [MT] Processing step: IDEDistributionCreateDestRootStep
2024-06-17 08:02:23 +0000 [MT] Processing step: IDEDistributionCopyItemStep
2024-06-17 08:02:23 +0000 [MT] Running /usr/bin/ditto '-V' '/Users/iranazar/Desktop/CatsAndModules_IrynaNazar/ARCHIVES/v1.0.0.xcarchive/Products/Applications/CatsAndModules_IrynaNazar.app' '/var/folders/3r/zk3brfv12dg7qzhgyvg_79yc0000gn/T/XcodeDistPipeline.~~~LiLctM/Root/Payload/CatsAndModules_IrynaNazar.app'
2024-06-17 08:02:23 +0000  >>> Copying /Users/iranazar/Desktop/CatsAndModules_IrynaNazar/ARCHIVES/v1.0.0.xcarchive/Products/Applications/CatsAndModules_IrynaNazar.app 
2024-06-17 08:02:23 +0000  copying file ./_CodeSignature/CodeResources ... 
2024-06-17 08:02:23 +0000  14601 bytes for ./_CodeSignature/CodeResources
2024-06-17 08:02:23 +0000  copying file ./Firebase_FirebaseCore.bundle/PrivacyInfo.xcprivacy ... 
2024-06-17 08:02:23 +0000  855 bytes for ./Firebase_FirebaseCore.bundle/PrivacyInfo.xcprivacy
2024-06-17 08:02:23 +0000  copying file ./Firebase_FirebaseCore.bundle/Info.plist ... 
2024-06-17 08:02:23 +0000  687 bytes for ./Firebase_FirebaseCore.bundle/Info.plist
2024-06-17 08:02:23 +0000  copying file ./Firebase_FirebaseCrashlytics.bundle/PrivacyInfo.xcprivacy ... 
2024-06-17 08:02:23 +0000  1383 bytes for ./Firebase_FirebaseCrashlytics.bundle/PrivacyInfo.xcprivacy
2024-06-17 08:02:23 +0000  copying file ./Firebase_FirebaseCrashlytics.bundle/Info.plist ... 
2024-06-17 08:02:23 +0000  701 bytes for ./Firebase_FirebaseCrashlytics.bundle/Info.plist
2024-06-17 08:02:23 +0000  copying file ./nanopb_nanopb.bundle/PrivacyInfo.xcprivacy ... 
2024-06-17 08:02:23 +0000  374 bytes for ./nanopb_nanopb.bundle/PrivacyInfo.xcprivacy
2024-06-17 08:02:23 +0000  copying file ./nanopb_nanopb.bundle/Info.plist ... 
2024-06-17 08:02:23 +0000  669 bytes for ./nanopb_nanopb.bundle/Info.plist
2024-06-17 08:02:23 +0000  copying file ./GoogleUtilities_GoogleUtilities-AppDelegateSwizzler.bundle/PrivacyInfo.xcprivacy ... 
2024-06-17 08:02:23 +0000  478 bytes for ./GoogleUtilities_GoogleUtilities-AppDelegateSwizzler.bundle/PrivacyInfo.xcprivacy
2024-06-17 08:02:23 +0000  copying file ./GoogleUtilities_GoogleUtilities-AppDelegateSwizzler.bundle/Info.plist ... 
2024-06-17 08:02:23 +0000  747 bytes for ./GoogleUtilities_GoogleUtilities-AppDelegateSwizzler.bundle/Info.plist
2024-06-17 08:02:23 +0000  copying file ./GoogleUtilities_GoogleUtilities-NSData.bundle/PrivacyInfo.xcprivacy ... 
2024-06-17 08:02:23 +0000  478 bytes for ./GoogleUtilities_GoogleUtilities-NSData.bundle/PrivacyInfo.xcprivacy
2024-06-17 08:02:23 +0000  copying file ./GoogleUtilities_GoogleUtilities-NSData.bundle/Info.plist ... 
2024-06-17 08:02:23 +0000  721 bytes for ./GoogleUtilities_GoogleUtilities-NSData.bundle/Info.plist
2024-06-17 08:02:23 +0000  copying file ./CatsAndModules_IrynaNazar ... 
2024-06-17 08:02:23 +0000  6148224 bytes for ./CatsAndModules_IrynaNazar
2024-06-17 08:02:23 +0000  copying file ./Firebase_FirebaseInstallations.bundle/PrivacyInfo.xcprivacy ... 
1105 bytes for ./Firebase_FirebaseInstallations.bundle/PrivacyInfo.xcprivacy
copying file ./Firebase_FirebaseInstallations.bundle/Info.plist ... 
705 bytes for ./Firebase_FirebaseInstallations.bundle/Info.plist
copying file ./Firebase_FirebaseCoreInternal.bundle/PrivacyInfo.xcprivacy ... 
855 bytes for ./Firebase_FirebaseCoreInternal.bundle/PrivacyInfo.xcprivacy
copying file ./Firebase_FirebaseCoreInternal.bundle/Info.plist ... 
703 bytes for ./Firebase_FirebaseCoreInternal.bundle/Info.plist
2024-06-17 08:02:23 +0000  copying file ./GoogleUtilities_GoogleUtilities-Logger.bundle/PrivacyInfo.xcprivacy ... 
2024-06-17 08:02:23 +0000  478 bytes for ./GoogleUtilities_GoogleUtilities-Logger.bundle/PrivacyInfo.xcprivacy
2024-06-17 08:02:23 +0000  copying file ./GoogleUtilities_GoogleUtilities-Logger.bundle/Info.plist ... 
2024-06-17 08:02:23 +0000  721 bytes for ./GoogleUtilities_GoogleUtilities-Logger.bundle/Info.plist
2024-06-17 08:02:23 +0000  copying file ./GoogleUtilities_GoogleUtilities-Reachability.bundle/PrivacyInfo.xcprivacy ... 
2024-06-17 08:02:23 +0000  478 bytes for ./GoogleUtilities_GoogleUtilities-Reachability.bundle/PrivacyInfo.xcprivacy
2024-06-17 08:02:23 +0000  copying file ./GoogleUtilities_GoogleUtilities-Reachability.bundle/Info.plist ... 
2024-06-17 08:02:23 +0000  733 bytes for ./GoogleUtilities_GoogleUtilities-Reachability.bundle/Info.plist
2024-06-17 08:02:23 +0000  copying file ./GoogleService-Info.plist ... 
2024-06-17 08:02:23 +0000  497 bytes for ./GoogleService-Info.plist
2024-06-17 08:02:23 +0000  copying file ./Firebase_FirebaseABTesting.bundle/PrivacyInfo.xcprivacy ... 
2024-06-17 08:02:23 +0000  478 bytes for ./Firebase_FirebaseABTesting.bundle/PrivacyInfo.xcprivacy
2024-06-17 08:02:23 +0000  copying file ./Firebase_FirebaseABTesting.bundle/Info.plist ... 
2024-06-17 08:02:23 +0000  697 bytes for ./Firebase_FirebaseABTesting.bundle/Info.plist
2024-06-17 08:02:23 +0000  copying file ./GoogleDataTransport_GoogleDataTransport.bundle/PrivacyInfo.xcprivacy ... 
2024-06-17 08:02:23 +0000  1105 bytes for ./GoogleDataTransport_GoogleDataTransport.bundle/PrivacyInfo.xcprivacy
2024-06-17 08:02:23 +0000  copying file ./GoogleDataTransport_GoogleDataTransport.bundle/Info.plist ... 
2024-06-17 08:02:23 +0000  723 bytes for ./GoogleDataTransport_GoogleDataTransport.bundle/Info.plist
2024-06-17 08:02:23 +0000  copying file ./Promises_FBLPromises.bundle/PrivacyInfo.xcprivacy ... 
2024-06-17 08:02:23 +0000  373 bytes for ./Promises_FBLPromises.bundle/PrivacyInfo.xcprivacy
2024-06-17 08:02:23 +0000  copying file ./Promises_FBLPromises.bundle/Info.plist ... 
2024-06-17 08:02:23 +0000  685 bytes for ./Promises_FBLPromises.bundle/Info.plist
2024-06-17 08:02:23 +0000  copying file ./GoogleUtilities_GoogleUtilities-Network.bundle/PrivacyInfo.xcprivacy ... 
2024-06-17 08:02:23 +0000  856 bytes for ./GoogleUtilities_GoogleUtilities-Network.bundle/PrivacyInfo.xcprivacy
2024-06-17 08:02:23 +0000  copying file ./GoogleUtilities_GoogleUtilities-Network.bundle/Info.plist ... 
2024-06-17 08:02:23 +0000  723 bytes for ./GoogleUtilities_GoogleUtilities-Network.bundle/Info.plist
2024-06-17 08:02:23 +0000  copying file ./Firebase_FirebaseCoreExtension.bundle/PrivacyInfo.xcprivacy ... 
2024-06-17 08:02:23 +0000  478 bytes for ./Firebase_FirebaseCoreExtension.bundle/PrivacyInfo.xcprivacy
2024-06-17 08:02:23 +0000  copying file ./Firebase_FirebaseCoreExtension.bundle/Info.plist ... 
2024-06-17 08:02:23 +0000  705 bytes for ./Firebase_FirebaseCoreExtension.bundle/Info.plist
2024-06-17 08:02:23 +0000  copying file ./GoogleUtilities_GoogleUtilities-UserDefaults.bundle/PrivacyInfo.xcprivacy ... 
2024-06-17 08:02:23 +0000  911 bytes for ./GoogleUtilities_GoogleUtilities-UserDefaults.bundle/PrivacyInfo.xcprivacy
2024-06-17 08:02:23 +0000  copying file ./GoogleUtilities_GoogleUtilities-UserDefaults.bundle/Info.plist ... 
2024-06-17 08:02:23 +0000  733 bytes for ./GoogleUtilities_GoogleUtilities-UserDefaults.bundle/Info.plist
2024-06-17 08:02:23 +0000  copying file ./Promises_Promises.bundle/PrivacyInfo.xcprivacy ... 
2024-06-17 08:02:23 +0000  373 bytes for ./Promises_Promises.bundle/PrivacyInfo.xcprivacy
2024-06-17 08:02:23 +0000  copying file ./Promises_Promises.bundle/Info.plist ... 
2024-06-17 08:02:23 +0000  679 bytes for ./Promises_Promises.bundle/Info.plist
2024-06-17 08:02:23 +0000  copying file ./GoogleUtilities_GoogleUtilities-Environment.bundle/PrivacyInfo.xcprivacy ... 
2024-06-17 08:02:23 +0000  911 bytes for ./GoogleUtilities_GoogleUtilities-Environment.bundle/PrivacyInfo.xcprivacy
2024-06-17 08:02:23 +0000  copying file ./GoogleUtilities_GoogleUtilities-Environment.bundle/Info.plist ... 
2024-06-17 08:02:23 +0000  731 bytes for ./GoogleUtilities_GoogleUtilities-Environment.bundle/Info.plist
2024-06-17 08:02:23 +0000  copying file ./Frameworks/Networking.framework/_CodeSignature/CodeResources ... 
2024-06-17 08:02:23 +0000  1798 bytes for ./Frameworks/Networking.framework/_CodeSignature/CodeResources
2024-06-17 08:02:23 +0000  copying file ./Frameworks/Networking.framework/Networking ... 
2024-06-17 08:02:23 +0000  132592 bytes for ./Frameworks/Networking.framework/Networking
2024-06-17 08:02:23 +0000  copying file ./Frameworks/Networking.framework/Info.plist ... 
2024-06-17 08:02:23 +0000  754 bytes for ./Frameworks/Networking.framework/Info.plist
2024-06-17 08:02:23 +0000  copying file ./GoogleUtilities_GoogleUtilities-MethodSwizzler.bundle/PrivacyInfo.xcprivacy ... 
2024-06-17 08:02:23 +0000  478 bytes for ./GoogleUtilities_GoogleUtilities-MethodSwizzler.bundle/PrivacyInfo.xcprivacy
2024-06-17 08:02:23 +0000  copying file ./GoogleUtilities_GoogleUtilities-MethodSwizzler.bundle/Info.plist ... 
2024-06-17 08:02:23 +0000  737 bytes for ./GoogleUtilities_GoogleUtilities-MethodSwizzler.bundle/Info.plist
2024-06-17 08:02:23 +0000  copying file ./embedded.mobileprovision ... 
2024-06-17 08:02:23 +0000  12369 bytes for ./embedded.mobileprovision
2024-06-17 08:02:23 +0000  copying file ./GoogleUtilities_GoogleUtilities-ISASwizzler.bundle/PrivacyInfo.xcprivacy ... 
2024-06-17 08:02:23 +0000  478 bytes for ./GoogleUtilities_GoogleUtilities-ISASwizzler.bundle/PrivacyInfo.xcprivacy
2024-06-17 08:02:23 +0000  copying file ./GoogleUtilities_GoogleUtilities-ISASwizzler.bundle/Info.plist ... 
2024-06-17 08:02:23 +0000  731 bytes for ./GoogleUtilities_GoogleUtilities-ISASwizzler.bundle/Info.plist
2024-06-17 08:02:23 +0000  copying file ./Info.plist ... 
2024-06-17 08:02:23 +0000  1296 bytes for ./Info.plist
2024-06-17 08:02:23 +0000  copying file ./PkgInfo ... 
2024-06-17 08:02:23 +0000  8 bytes for ./PkgInfo
2024-06-17 08:02:23 +0000 [MT] /usr/bin/ditto exited with 0
2024-06-17 08:02:23 +0000 [MT] Processing step: IDEDistributionEmbedProfileStep
2024-06-17 08:02:23 +0000 [MT] Skipping profile for item: <IDEDistributionItem: 0x60000210b900; bundleID='ua.edu.ukma.nazar.Networking', path='<DVTFilePath:0x600002e05490:'/Users/iranazar/Desktop/CatsAndModules_IrynaNazar/ARCHIVES/v1.0.0.xcarchive/Products/Applications/CatsAndModules_IrynaNazar.app/Frameworks/Networking.framework'>', codeSigningInfo='<_DVTCodeSigningInformation_Path: 0x6000026cfe30; isSigned='1', isAdHocSigned='0', signingCertificate='<DVTSigningCertificate: 0x6000030ed800; name='Apple Development: iranazar1999@icloud.com (25P99XS8MB)', hash='491E443A26FD72DAF1792BE343F7E360B8F4DED3', serialNumber='6CE43798A6A8B5EE78922085C02FEFF5', certificateKinds='(
    "1.2.840.113635.100.6.1.12",
    "1.2.840.113635.100.6.1.2"
), issueDate='2024-06-17 05:38:06 +0000''>', entitlements='(null)', teamID='GDT3GT22C8', identifier='ua.edu.ukma.nazar.Networking', executablePath='<DVTFilePath:0x600002e3fe20:'/Users/iranazar/Desktop/CatsAndModules_IrynaNazar/ARCHIVES/v1.0.0.xcarchive/Products/Applications/CatsAndModules_IrynaNazar.app/Frameworks/Networking.framework/Networking'>', hardenedRuntime='0'>'>
2024-06-17 08:02:23 +0000 [MT] Processing step: IDEDistributionInfoPlistStep
2024-06-17 08:02:23 +0000 [MT] Skipping step: IDEDistributionInfoPlistStep because it said so
2024-06-17 08:02:23 +0000 [MT] Skipping step: IDEDistributionInfoPlistStep because it said so
2024-06-17 08:02:23 +0000 [MT] Processing step: IDEDistributionAppThinningPlistStep
2024-06-17 08:02:23 +0000 [MT] Skipping step: IDEDistributionAppThinningPlistStep because it said so
2024-06-17 08:02:23 +0000 [MT] Processing step: IDEDistributionCompileBitcodeStep
2024-06-17 08:02:23 +0000 [MT] Skipping step: IDEDistributionCompileBitcodeStep because it said so
2024-06-17 08:02:23 +0000 [MT] Processing step: IDEDistributionCodeSlimmingStep
2024-06-17 08:02:23 +0000 [MT] Processing step: IDEDistributionCopyBCSymbolMapsStep
2024-06-17 08:02:23 +0000 [MT] Skipping step: IDEDistributionCopyBCSymbolMapsStep because it said so
2024-06-17 08:02:23 +0000 [MT] Skipping step: IDEDistributionCopyBCSymbolMapsStep because it said so
2024-06-17 08:02:23 +0000 [MT] Processing step: IDEDistributionSymbolsStep
2024-06-17 08:02:23 +0000 [MT] Skipping step: IDEDistributionSymbolsStep because it said so
2024-06-17 08:02:23 +0000 [MT] Skipping step: IDEDistributionSymbolsStep because it said so
2024-06-17 08:02:23 +0000 [MT] Processing step: IDEDistributionAppThinningStep
2024-06-17 08:02:23 +0000 [MT] Skipping step: IDEDistributionAppThinningStep because it said so
2024-06-17 08:02:23 +0000 [MT] Processing step: IDEDistributionArchThinningStep
2024-06-17 08:02:23 +0000 [MT] Running /Applications/Xcode.app/Contents/Developer/Toolchains/XcodeDefault.xctoolchain/usr/bin/lipo '/var/folders/3r/zk3brfv12dg7qzhgyvg_79yc0000gn/T/XcodeDistPipeline.~~~LiLctM/Root/Payload/CatsAndModules_IrynaNazar.app/Frameworks/Networking.framework/Networking' '-verify_arch' 'arm64e'
2024-06-17 08:02:23 +0000 [MT] /Applications/Xcode.app/Contents/Developer/Toolchains/XcodeDefault.xctoolchain/usr/bin/lipo exited with 1
2024-06-17 08:02:23 +0000 [MT] Skipping architecture thinning for item "Networking" because arch "arm64e" wasn't found
2024-06-17 08:02:23 +0000 [MT] Running /Applications/Xcode.app/Contents/Developer/Toolchains/XcodeDefault.xctoolchain/usr/bin/lipo '/var/folders/3r/zk3brfv12dg7qzhgyvg_79yc0000gn/T/XcodeDistPipeline.~~~LiLctM/Root/Payload/CatsAndModules_IrynaNazar.app/CatsAndModules_IrynaNazar' '-verify_arch' 'arm64e'
2024-06-17 08:02:23 +0000 [MT] /Applications/Xcode.app/Contents/Developer/Toolchains/XcodeDefault.xctoolchain/usr/bin/lipo exited with 1
2024-06-17 08:02:23 +0000 [MT] Skipping architecture thinning for item "CatsAndModules_IrynaNazar" because arch "arm64e" wasn't found
2024-06-17 08:02:23 +0000 [MT] Processing step: IDEDistributionODRStep
2024-06-17 08:02:23 +0000 [MT] Processing step: IDEDistributionStripXattrsStep
2024-06-17 08:02:23 +0000 [MT] Skipping stripping extended attributes because the codesign step will strip them.
2024-06-17 08:02:23 +0000 [MT] Skipping stripping extended attributes because the codesign step will strip them.
2024-06-17 08:02:23 +0000 [MT] Processing step: IDEDistributionCodesignStep
2024-06-17 08:02:23 +0000 [MT] Entitlements for <IDEDistributionItem: 0x60000210b900; bundleID='ua.edu.ukma.nazar.Networking', path='<DVTFilePath:0x600002e05490:'/Users/iranazar/Desktop/CatsAndModules_IrynaNazar/ARCHIVES/v1.0.0.xcarchive/Products/Applications/CatsAndModules_IrynaNazar.app/Frameworks/Networking.framework'>', codeSigningInfo='<_DVTCodeSigningInformation_Path: 0x6000026cfe30; isSigned='1', isAdHocSigned='0', signingCertificate='<DVTSigningCertificate: 0x6000030ed200; name='Apple Development: iranazar1999@icloud.com (25P99XS8MB)', hash='491E443A26FD72DAF1792BE343F7E360B8F4DED3', serialNumber='6CE43798A6A8B5EE78922085C02FEFF5', certificateKinds='(
    "1.2.840.113635.100.6.1.12",
    "1.2.840.113635.100.6.1.2"
), issueDate='2024-06-17 05:38:06 +0000''>', entitlements='(null)', teamID='GDT3GT22C8', identifier='ua.edu.ukma.nazar.Networking', executablePath='<DVTFilePath:0x600002e3fe20:'/Users/iranazar/Desktop/CatsAndModules_IrynaNazar/ARCHIVES/v1.0.0.xcarchive/Products/Applications/CatsAndModules_IrynaNazar.app/Frameworks/Networking.framework/Networking'>', hardenedRuntime='0'>'>: {
}
2024-06-17 08:02:23 +0000 [MT] Associated App Clip Identifiers Filter: Skipping because "com.apple.developer.associated-appclip-app-identifiers" is not present
2024-06-17 08:02:23 +0000 [MT] Entitlements for <IDEDistributionItem: 0x60000210b900; bundleID='ua.edu.ukma.nazar.Networking', path='<DVTFilePath:0x600002e05490:'/Users/iranazar/Desktop/CatsAndModules_IrynaNazar/ARCHIVES/v1.0.0.xcarchive/Products/Applications/CatsAndModules_IrynaNazar.app/Frameworks/Networking.framework'>', codeSigningInfo='<_DVTCodeSigningInformation_Path: 0x6000026cfe30; isSigned='1', isAdHocSigned='0', signingCertificate='<DVTSigningCertificate: 0x6000030ed800; name='Apple Development: iranazar1999@icloud.com (25P99XS8MB)', hash='491E443A26FD72DAF1792BE343F7E360B8F4DED3', serialNumber='6CE43798A6A8B5EE78922085C02FEFF5', certificateKinds='(
    "1.2.840.113635.100.6.1.12",
    "1.2.840.113635.100.6.1.2"
), issueDate='2024-06-17 05:38:06 +0000''>', entitlements='(null)', teamID='GDT3GT22C8', identifier='ua.edu.ukma.nazar.Networking', executablePath='<DVTFilePath:0x600002e3fe20:'/Users/iranazar/Desktop/CatsAndModules_IrynaNazar/ARCHIVES/v1.0.0.xcarchive/Products/Applications/CatsAndModules_IrynaNazar.app/Frameworks/Networking.framework/Networking'>', hardenedRuntime='0'>'> are: {
}
2024-06-17 08:02:23 +0000 [MT] Writing entitlements for <IDEDistributionItem: 0x60000210b900; bundleID='ua.edu.ukma.nazar.Networking', path='<DVTFilePath:0x600002e05490:'/Users/iranazar/Desktop/CatsAndModules_IrynaNazar/ARCHIVES/v1.0.0.xcarchive/Products/Applications/CatsAndModules_IrynaNazar.app/Frameworks/Networking.framework'>', codeSigningInfo='<_DVTCodeSigningInformation_Path: 0x6000026cfe30; isSigned='1', isAdHocSigned='0', signingCertificate='<DVTSigningCertificate: 0x6000030ed8c0; name='Apple Development: iranazar1999@icloud.com (25P99XS8MB)', hash='491E443A26FD72DAF1792BE343F7E360B8F4DED3', serialNumber='6CE43798A6A8B5EE78922085C02FEFF5', certificateKinds='(
    "1.2.840.113635.100.6.1.12",
    "1.2.840.113635.100.6.1.2"
), issueDate='2024-06-17 05:38:06 +0000''>', entitlements='(null)', teamID='GDT3GT22C8', identifier='ua.edu.ukma.nazar.Networking', executablePath='<DVTFilePath:0x600002e3fe20:'/Users/iranazar/Desktop/CatsAndModules_IrynaNazar/ARCHIVES/v1.0.0.xcarchive/Products/Applications/CatsAndModules_IrynaNazar.app/Frameworks/Networking.framework/Networking'>', hardenedRuntime='0'>'> to: /var/folders/3r/zk3brfv12dg7qzhgyvg_79yc0000gn/T/XcodeDistPipeline.~~~LiLctM/entitlements~~~PKD0pP
2024-06-17 08:02:23 +0000 [MT] Running /usr/bin/codesign '-vvv' '--force' '--sign' '491E443A26FD72DAF1792BE343F7E360B8F4DED3' '--entitlements' '/var/folders/3r/zk3brfv12dg7qzhgyvg_79yc0000gn/T/XcodeDistPipeline.~~~LiLctM/entitlements~~~PKD0pP' '--generate-entitlement-der' '--strip-disallowed-xattrs' '--preserve-metadata=identifier,flags,runtime' '/var/folders/3r/zk3brfv12dg7qzhgyvg_79yc0000gn/T/XcodeDistPipeline.~~~LiLctM/Root/Payload/CatsAndModules_IrynaNazar.app/Frameworks/Networking.framework'
2024-06-17 08:02:23 +0000  /var/folders/3r/zk3brfv12dg7qzhgyvg_79yc0000gn/T/XcodeDistPipeline.~~~LiLctM/Root/Payload/CatsAndModules_IrynaNazar.app/Frameworks/Networking.framework: replacing existing signature
2024-06-17 08:02:23 +0000  /var/folders/3r/zk3brfv12dg7qzhgyvg_79yc0000gn/T/XcodeDistPipeline.~~~LiLctM/Root/Payload/CatsAndModules_IrynaNazar.app/Frameworks/Networking.framework: signed bundle with Mach-O thin (arm64) [ua.edu.ukma.nazar.Networking]
2024-06-17 08:02:23 +0000 [MT] /usr/bin/codesign exited with 0
2024-06-17 08:02:23 +0000 [MT] Entitlements for <IDEDistributionItem: 0x6000021642a0; bundleID='ira.nazar.CatsAndModules-IrynaNazar', path='<DVTFilePath:0x600002a85380:'/Users/iranazar/Desktop/CatsAndModules_IrynaNazar/ARCHIVES/v1.0.0.xcarchive/Products/Applications/CatsAndModules_IrynaNazar.app'>', codeSigningInfo='<_DVTCodeSigningInformation_Path: 0x6000025a80f0; isSigned='1', isAdHocSigned='0', signingCertificate='<DVTSigningCertificate: 0x6000030ed440; name='Apple Development: iranazar1999@icloud.com (25P99XS8MB)', hash='491E443A26FD72DAF1792BE343F7E360B8F4DED3', serialNumber='6CE43798A6A8B5EE78922085C02FEFF5', certificateKinds='(
    "1.2.840.113635.100.6.1.12",
    "1.2.840.113635.100.6.1.2"
), issueDate='2024-06-17 05:38:06 +0000''>', entitlements='{
    "application-identifier" = "GDT3GT22C8.ira.nazar.CatsAndModules-IrynaNazar";
    "com.apple.developer.team-identifier" = GDT3GT22C8;
    "get-task-allow" = 1;
}', teamID='GDT3GT22C8', identifier='ira.nazar.CatsAndModules-IrynaNazar', executablePath='<DVTFilePath:0x600002b6f380:'/Users/iranazar/Desktop/CatsAndModules_IrynaNazar/ARCHIVES/v1.0.0.xcarchive/Products/Applications/CatsAndModules_IrynaNazar.app/CatsAndModules_IrynaNazar'>', hardenedRuntime='0'>'>: {
    "application-identifier" = "GDT3GT22C8.ira.nazar.CatsAndModules-IrynaNazar";
    "com.apple.developer.team-identifier" = GDT3GT22C8;
    "get-task-allow" = 1;
}
2024-06-17 08:02:23 +0000 [MT] Associated App Clip Identifiers Filter: Skipping because "com.apple.developer.associated-appclip-app-identifiers" is not present
2024-06-17 08:02:23 +0000 [MT] Entitlements for <IDEDistributionItem: 0x6000021642a0; bundleID='ira.nazar.CatsAndModules-IrynaNazar', path='<DVTFilePath:0x600002a85380:'/Users/iranazar/Desktop/CatsAndModules_IrynaNazar/ARCHIVES/v1.0.0.xcarchive/Products/Applications/CatsAndModules_IrynaNazar.app'>', codeSigningInfo='<_DVTCodeSigningInformation_Path: 0x6000025a80f0; isSigned='1', isAdHocSigned='0', signingCertificate='<DVTSigningCertificate: 0x6000030ea400; name='Apple Development: iranazar1999@icloud.com (25P99XS8MB)', hash='491E443A26FD72DAF1792BE343F7E360B8F4DED3', serialNumber='6CE43798A6A8B5EE78922085C02FEFF5', certificateKinds='(
    "1.2.840.113635.100.6.1.12",
    "1.2.840.113635.100.6.1.2"
), issueDate='2024-06-17 05:38:06 +0000''>', entitlements='{
    "application-identifier" = "GDT3GT22C8.ira.nazar.CatsAndModules-IrynaNazar";
    "com.apple.developer.team-identifier" = GDT3GT22C8;
    "get-task-allow" = 1;
}', teamID='GDT3GT22C8', identifier='ira.nazar.CatsAndModules-IrynaNazar', executablePath='<DVTFilePath:0x600002b6f380:'/Users/iranazar/Desktop/CatsAndModules_IrynaNazar/ARCHIVES/v1.0.0.xcarchive/Products/Applications/CatsAndModules_IrynaNazar.app/CatsAndModules_IrynaNazar'>', hardenedRuntime='0'>'> are: {
    "application-identifier" = "GDT3GT22C8.ira.nazar.CatsAndModules-IrynaNazar";
    "com.apple.developer.team-identifier" = GDT3GT22C8;
    "get-task-allow" = 1;
}
2024-06-17 08:02:23 +0000 [MT] Writing entitlements for <IDEDistributionItem: 0x6000021642a0; bundleID='ira.nazar.CatsAndModules-IrynaNazar', path='<DVTFilePath:0x600002a85380:'/Users/iranazar/Desktop/CatsAndModules_IrynaNazar/ARCHIVES/v1.0.0.xcarchive/Products/Applications/CatsAndModules_IrynaNazar.app'>', codeSigningInfo='<_DVTCodeSigningInformation_Path: 0x6000025a80f0; isSigned='1', isAdHocSigned='0', signingCertificate='<DVTSigningCertificate: 0x6000030ea580; name='Apple Development: iranazar1999@icloud.com (25P99XS8MB)', hash='491E443A26FD72DAF1792BE343F7E360B8F4DED3', serialNumber='6CE43798A6A8B5EE78922085C02FEFF5', certificateKinds='(
    "1.2.840.113635.100.6.1.12",
    "1.2.840.113635.100.6.1.2"
), issueDate='2024-06-17 05:38:06 +0000''>', entitlements='{
    "application-identifier" = "GDT3GT22C8.ira.nazar.CatsAndModules-IrynaNazar";
    "com.apple.developer.team-identifier" = GDT3GT22C8;
    "get-task-allow" = 1;
}', teamID='GDT3GT22C8', identifier='ira.nazar.CatsAndModules-IrynaNazar', executablePath='<DVTFilePath:0x600002b6f380:'/Users/iranazar/Desktop/CatsAndModules_IrynaNazar/ARCHIVES/v1.0.0.xcarchive/Products/Applications/CatsAndModules_IrynaNazar.app/CatsAndModules_IrynaNazar'>', hardenedRuntime='0'>'> to: /var/folders/3r/zk3brfv12dg7qzhgyvg_79yc0000gn/T/XcodeDistPipeline.~~~LiLctM/entitlements~~~l8I9mZ
2024-06-17 08:02:23 +0000 [MT] Running /usr/bin/codesign '-vvv' '--force' '--sign' '491E443A26FD72DAF1792BE343F7E360B8F4DED3' '--entitlements' '/var/folders/3r/zk3brfv12dg7qzhgyvg_79yc0000gn/T/XcodeDistPipeline.~~~LiLctM/entitlements~~~l8I9mZ' '--generate-entitlement-der' '--strip-disallowed-xattrs' '--preserve-metadata=identifier,flags,runtime' '/var/folders/3r/zk3brfv12dg7qzhgyvg_79yc0000gn/T/XcodeDistPipeline.~~~LiLctM/Root/Payload/CatsAndModules_IrynaNazar.app'
2024-06-17 08:02:23 +0000  /var/folders/3r/zk3brfv12dg7qzhgyvg_79yc0000gn/T/XcodeDistPipeline.~~~LiLctM/Root/Payload/CatsAndModules_IrynaNazar.app: replacing existing signature
2024-06-17 08:02:23 +0000  /var/folders/3r/zk3brfv12dg7qzhgyvg_79yc0000gn/T/XcodeDistPipeline.~~~LiLctM/Root/Payload/CatsAndModules_IrynaNazar.app: signed app bundle with Mach-O thin (arm64) [ira.nazar.CatsAndModules-IrynaNazar]
2024-06-17 08:02:23 +0000 [MT] /usr/bin/codesign exited with 0
2024-06-17 08:02:23 +0000 [MT] Processing step: IDEDistributionZipODRItemStep
2024-06-17 08:02:23 +0000 [MT] Skipping step: IDEDistributionZipODRItemStep because it said so
2024-06-17 08:02:23 +0000 [MT] Skipping step: IDEDistributionZipODRItemStep because it said so
2024-06-17 08:02:23 +0000 [MT] Processing step: IDEDistributionCreateIPAStep
2024-06-17 08:02:23 +0000 [MT] Running /usr/bin/ditto '-V' '-c' '-k' '--norsrc' '/var/folders/3r/zk3brfv12dg7qzhgyvg_79yc0000gn/T/XcodeDistPipeline.~~~LiLctM/Root' '/var/folders/3r/zk3brfv12dg7qzhgyvg_79yc0000gn/T/XcodeDistPipeline.~~~LiLctM/Packages/CatsAndModules_IrynaNazar.ipa'
2024-06-17 08:02:23 +0000  >>> Copying /var/folders/3r/zk3brfv12dg7qzhgyvg_79yc0000gn/T/XcodeDistPipeline.~~~LiLctM/Root 
2024-06-17 08:02:23 +0000  copying file ./Payload/CatsAndModules_IrynaNazar.app/_CodeSignature/CodeResources ... 
2024-06-17 08:02:23 +0000  14601 bytes for ./Payload/CatsAndModules_IrynaNazar.app/_CodeSignature/CodeResources
2024-06-17 08:02:23 +0000  copying file ./Payload/CatsAndModules_IrynaNazar.app/Firebase_FirebaseCore.bundle/PrivacyInfo.xcprivacy ... 
2024-06-17 08:02:23 +0000  855 bytes for ./Payload/CatsAndModules_IrynaNazar.app/Firebase_FirebaseCore.bundle/PrivacyInfo.xcprivacy
copying file ./Payload/CatsAndModules_IrynaNazar.app/Firebase_FirebaseCore.bundle/Info.plist ... 
2024-06-17 08:02:23 +0000  687 bytes for ./Payload/CatsAndModules_IrynaNazar.app/Firebase_FirebaseCore.bundle/Info.plist
2024-06-17 08:02:23 +0000  copying file ./Payload/CatsAndModules_IrynaNazar.app/Firebase_FirebaseCrashlytics.bundle/PrivacyInfo.xcprivacy ... 
2024-06-17 08:02:23 +0000  1383 bytes for ./Payload/CatsAndModules_IrynaNazar.app/Firebase_FirebaseCrashlytics.bundle/PrivacyInfo.xcprivacy
copying file ./Payload/CatsAndModules_IrynaNazar.app/Firebase_FirebaseCrashlytics.bundle/Info.plist ... 
2024-06-17 08:02:23 +0000  701 bytes for ./Payload/CatsAndModules_IrynaNazar.app/Firebase_FirebaseCrashlytics.bundle/Info.plist
2024-06-17 08:02:23 +0000  copying file ./Payload/CatsAndModules_IrynaNazar.app/nanopb_nanopb.bundle/PrivacyInfo.xcprivacy ... 
2024-06-17 08:02:23 +0000  374 bytes for ./Payload/CatsAndModules_IrynaNazar.app/nanopb_nanopb.bundle/PrivacyInfo.xcprivacy
copying file ./Payload/CatsAndModules_IrynaNazar.app/nanopb_nanopb.bundle/Info.plist ... 
2024-06-17 08:02:23 +0000  669 bytes for ./Payload/CatsAndModules_IrynaNazar.app/nanopb_nanopb.bundle/Info.plist
2024-06-17 08:02:23 +0000  copying file ./Payload/CatsAndModules_IrynaNazar.app/GoogleUtilities_GoogleUtilities-AppDelegateSwizzler.bundle/PrivacyInfo.xcprivacy ... 
2024-06-17 08:02:23 +0000  478 bytes for ./Payload/CatsAndModules_IrynaNazar.app/GoogleUtilities_GoogleUtilities-AppDelegateSwizzler.bundle/PrivacyInfo.xcprivacy
copying file ./Payload/CatsAndModules_IrynaNazar.app/GoogleUtilities_GoogleUtilities-AppDelegateSwizzler.bundle/Info.plist ... 
2024-06-17 08:02:23 +0000  747 bytes for ./Payload/CatsAndModules_IrynaNazar.app/GoogleUtilities_GoogleUtilities-AppDelegateSwizzler.bundle/Info.plist
2024-06-17 08:02:23 +0000  copying file ./Payload/CatsAndModules_IrynaNazar.app/GoogleUtilities_GoogleUtilities-NSData.bundle/PrivacyInfo.xcprivacy ... 
2024-06-17 08:02:23 +0000  478 bytes for ./Payload/CatsAndModules_IrynaNazar.app/GoogleUtilities_GoogleUtilities-NSData.bundle/PrivacyInfo.xcprivacy
copying file ./Payload/CatsAndModules_IrynaNazar.app/GoogleUtilities_GoogleUtilities-NSData.bundle/Info.plist ... 
2024-06-17 08:02:23 +0000  721 bytes for ./Payload/CatsAndModules_IrynaNazar.app/GoogleUtilities_GoogleUtilities-NSData.bundle/Info.plist
copying file ./Payload/CatsAndModules_IrynaNazar.app/CatsAndModules_IrynaNazar ... 
2024-06-17 08:02:23 +0000  6148224 bytes for ./Payload/CatsAndModules_IrynaNazar.app/CatsAndModules_IrynaNazar
2024-06-17 08:02:23 +0000  copying file ./Payload/CatsAndModules_IrynaNazar.app/Firebase_FirebaseInstallations.bundle/PrivacyInfo.xcprivacy ... 
1105 bytes for ./Payload/CatsAndModules_IrynaNazar.app/Firebase_FirebaseInstallations.bundle/PrivacyInfo.xcprivacy
copying file ./Payload/CatsAndModules_IrynaNazar.app/Firebase_FirebaseInstallations.bundle/Info.plist ... 
2024-06-17 08:02:23 +0000  705 bytes for ./Payload/CatsAndModules_IrynaNazar.app/Firebase_FirebaseInstallations.bundle/Info.plist
2024-06-17 08:02:23 +0000  copying file ./Payload/CatsAndModules_IrynaNazar.app/Firebase_FirebaseCoreInternal.bundle/PrivacyInfo.xcprivacy ... 
855 bytes for ./Payload/CatsAndModules_IrynaNazar.app/Firebase_FirebaseCoreInternal.bundle/PrivacyInfo.xcprivacy
copying file ./Payload/CatsAndModules_IrynaNazar.app/Firebase_FirebaseCoreInternal.bundle/Info.plist ... 
2024-06-17 08:02:23 +0000  703 bytes for ./Payload/CatsAndModules_IrynaNazar.app/Firebase_FirebaseCoreInternal.bundle/Info.plist
2024-06-17 08:02:23 +0000  copying file ./Payload/CatsAndModules_IrynaNazar.app/GoogleUtilities_GoogleUtilities-Logger.bundle/PrivacyInfo.xcprivacy ... 
478 bytes for ./Payload/CatsAndModules_IrynaNazar.app/GoogleUtilities_GoogleUtilities-Logger.bundle/PrivacyInfo.xcprivacy
copying file ./Payload/CatsAndModules_IrynaNazar.app/GoogleUtilities_GoogleUtilities-Logger.bundle/Info.plist ... 
2024-06-17 08:02:23 +0000  721 bytes for ./Payload/CatsAndModules_IrynaNazar.app/GoogleUtilities_GoogleUtilities-Logger.bundle/Info.plist
copying file ./Payload/CatsAndModules_IrynaNazar.app/GoogleUtilities_GoogleUtilities-Reachability.bundle/PrivacyInfo.xcprivacy ... 
2024-06-17 08:02:23 +0000  478 bytes for ./Payload/CatsAndModules_IrynaNazar.app/GoogleUtilities_GoogleUtilities-Reachability.bundle/PrivacyInfo.xcprivacy
copying file ./Payload/CatsAndModules_IrynaNazar.app/GoogleUtilities_GoogleUtilities-Reachability.bundle/Info.plist ... 
733 bytes for ./Payload/CatsAndModules_IrynaNazar.app/GoogleUtilities_GoogleUtilities-Reachability.bundle/Info.plist
copying file ./Payload/CatsAndModules_IrynaNazar.app/GoogleService-Info.plist ... 
2024-06-17 08:02:23 +0000  497 bytes for ./Payload/CatsAndModules_IrynaNazar.app/GoogleService-Info.plist
2024-06-17 08:02:23 +0000  copying file ./Payload/CatsAndModules_IrynaNazar.app/Firebase_FirebaseABTesting.bundle/PrivacyInfo.xcprivacy ... 
478 bytes for ./Payload/CatsAndModules_IrynaNazar.app/Firebase_FirebaseABTesting.bundle/PrivacyInfo.xcprivacy
copying file ./Payload/CatsAndModules_IrynaNazar.app/Firebase_FirebaseABTesting.bundle/Info.plist ... 
2024-06-17 08:02:23 +0000  697 bytes for ./Payload/CatsAndModules_IrynaNazar.app/Firebase_FirebaseABTesting.bundle/Info.plist
2024-06-17 08:02:23 +0000  copying file ./Payload/CatsAndModules_IrynaNazar.app/GoogleDataTransport_GoogleDataTransport.bundle/PrivacyInfo.xcprivacy ... 
2024-06-17 08:02:23 +0000  1105 bytes for ./Payload/CatsAndModules_IrynaNazar.app/GoogleDataTransport_GoogleDataTransport.bundle/PrivacyInfo.xcprivacy
copying file ./Payload/CatsAndModules_IrynaNazar.app/GoogleDataTransport_GoogleDataTransport.bundle/Info.plist ... 
2024-06-17 08:02:23 +0000  723 bytes for ./Payload/CatsAndModules_IrynaNazar.app/GoogleDataTransport_GoogleDataTransport.bundle/Info.plist
copying file ./Payload/CatsAndModules_IrynaNazar.app/Promises_FBLPromises.bundle/PrivacyInfo.xcprivacy ... 
2024-06-17 08:02:23 +0000  373 bytes for ./Payload/CatsAndModules_IrynaNazar.app/Promises_FBLPromises.bundle/PrivacyInfo.xcprivacy
copying file ./Payload/CatsAndModules_IrynaNazar.app/Promises_FBLPromises.bundle/Info.plist ... 
2024-06-17 08:02:23 +0000  685 bytes for ./Payload/CatsAndModules_IrynaNazar.app/Promises_FBLPromises.bundle/Info.plist
copying file ./Payload/CatsAndModules_IrynaNazar.app/GoogleUtilities_GoogleUtilities-Network.bundle/PrivacyInfo.xcprivacy ... 
2024-06-17 08:02:23 +0000  856 bytes for ./Payload/CatsAndModules_IrynaNazar.app/GoogleUtilities_GoogleUtilities-Network.bundle/PrivacyInfo.xcprivacy
copying file ./Payload/CatsAndModules_IrynaNazar.app/GoogleUtilities_GoogleUtilities-Network.bundle/Info.plist ... 
2024-06-17 08:02:23 +0000  723 bytes for ./Payload/CatsAndModules_IrynaNazar.app/GoogleUtilities_GoogleUtilities-Network.bundle/Info.plist
copying file ./Payload/CatsAndModules_IrynaNazar.app/Firebase_FirebaseCoreExtension.bundle/PrivacyInfo.xcprivacy ... 
2024-06-17 08:02:23 +0000  478 bytes for ./Payload/CatsAndModules_IrynaNazar.app/Firebase_FirebaseCoreExtension.bundle/PrivacyInfo.xcprivacy
copying file ./Payload/CatsAndModules_IrynaNazar.app/Firebase_FirebaseCoreExtension.bundle/Info.plist ... 
2024-06-17 08:02:23 +0000  705 bytes for ./Payload/CatsAndModules_IrynaNazar.app/Firebase_FirebaseCoreExtension.bundle/Info.plist
copying file ./Payload/CatsAndModules_IrynaNazar.app/GoogleUtilities_GoogleUtilities-UserDefaults.bundle/PrivacyInfo.xcprivacy ... 
2024-06-17 08:02:23 +0000  911 bytes for ./Payload/CatsAndModules_IrynaNazar.app/GoogleUtilities_GoogleUtilities-UserDefaults.bundle/PrivacyInfo.xcprivacy
copying file ./Payload/CatsAndModules_IrynaNazar.app/GoogleUtilities_GoogleUtilities-UserDefaults.bundle/Info.plist ... 
2024-06-17 08:02:23 +0000  733 bytes for ./Payload/CatsAndModules_IrynaNazar.app/GoogleUtilities_GoogleUtilities-UserDefaults.bundle/Info.plist
2024-06-17 08:02:23 +0000  copying file ./Payload/CatsAndModules_IrynaNazar.app/Promises_Promises.bundle/PrivacyInfo.xcprivacy ... 
373 bytes for ./Payload/CatsAndModules_IrynaNazar.app/Promises_Promises.bundle/PrivacyInfo.xcprivacy
copying file ./Payload/CatsAndModules_IrynaNazar.app/Promises_Promises.bundle/Info.plist ... 
2024-06-17 08:02:23 +0000  679 bytes for ./Payload/CatsAndModules_IrynaNazar.app/Promises_Promises.bundle/Info.plist
copying file ./Payload/CatsAndModules_IrynaNazar.app/GoogleUtilities_GoogleUtilities-Environment.bundle/PrivacyInfo.xcprivacy ... 
2024-06-17 08:02:23 +0000  911 bytes for ./Payload/CatsAndModules_IrynaNazar.app/GoogleUtilities_GoogleUtilities-Environment.bundle/PrivacyInfo.xcprivacy
copying file ./Payload/CatsAndModules_IrynaNazar.app/GoogleUtilities_GoogleUtilities-Environment.bundle/Info.plist ... 
2024-06-17 08:02:23 +0000  731 bytes for ./Payload/CatsAndModules_IrynaNazar.app/GoogleUtilities_GoogleUtilities-Environment.bundle/Info.plist
2024-06-17 08:02:23 +0000  copying file ./Payload/CatsAndModules_IrynaNazar.app/Frameworks/Networking.framework/_CodeSignature/CodeResources ... 
1798 bytes for ./Payload/CatsAndModules_IrynaNazar.app/Frameworks/Networking.framework/_CodeSignature/CodeResources
2024-06-17 08:02:23 +0000  copying file ./Payload/CatsAndModules_IrynaNazar.app/Frameworks/Networking.framework/Networking ... 
2024-06-17 08:02:23 +0000  132848 bytes for ./Payload/CatsAndModules_IrynaNazar.app/Frameworks/Networking.framework/Networking
2024-06-17 08:02:23 +0000  copying file ./Payload/CatsAndModules_IrynaNazar.app/Frameworks/Networking.framework/Info.plist ... 
754 bytes for ./Payload/CatsAndModules_IrynaNazar.app/Frameworks/Networking.framework/Info.plist
2024-06-17 08:02:23 +0000  copying file ./Payload/CatsAndModules_IrynaNazar.app/GoogleUtilities_GoogleUtilities-MethodSwizzler.bundle/PrivacyInfo.xcprivacy ... 
478 bytes for ./Payload/CatsAndModules_IrynaNazar.app/GoogleUtilities_GoogleUtilities-MethodSwizzler.bundle/PrivacyInfo.xcprivacy
copying file ./Payload/CatsAndModules_IrynaNazar.app/GoogleUtilities_GoogleUtilities-MethodSwizzler.bundle/Info.plist ... 
2024-06-17 08:02:23 +0000  737 bytes for ./Payload/CatsAndModules_IrynaNazar.app/GoogleUtilities_GoogleUtilities-MethodSwizzler.bundle/Info.plist
copying file ./Payload/CatsAndModules_IrynaNazar.app/embedded.mobileprovision ... 
2024-06-17 08:02:23 +0000  12369 bytes for ./Payload/CatsAndModules_IrynaNazar.app/embedded.mobileprovision
2024-06-17 08:02:23 +0000  copying file ./Payload/CatsAndModules_IrynaNazar.app/GoogleUtilities_GoogleUtilities-ISASwizzler.bundle/PrivacyInfo.xcprivacy ... 
478 bytes for ./Payload/CatsAndModules_IrynaNazar.app/GoogleUtilities_GoogleUtilities-ISASwizzler.bundle/PrivacyInfo.xcprivacy
copying file ./Payload/CatsAndModules_IrynaNazar.app/GoogleUtilities_GoogleUtilities-ISASwizzler.bundle/Info.plist ... 
2024-06-17 08:02:23 +0000  731 bytes for ./Payload/CatsAndModules_IrynaNazar.app/GoogleUtilities_GoogleUtilities-ISASwizzler.bundle/Info.plist
copying file ./Payload/CatsAndModules_IrynaNazar.app/Info.plist ... 
2024-06-17 08:02:23 +0000  1296 bytes for ./Payload/CatsAndModules_IrynaNazar.app/Info.plist
2024-06-17 08:02:23 +0000  copying file ./Payload/CatsAndModules_IrynaNazar.app/PkgInfo ... 
8 bytes for ./Payload/CatsAndModules_IrynaNazar.app/PkgInfo
2024-06-17 08:02:23 +0000 [MT] /usr/bin/ditto exited with 0
2024-06-17 08:02:23 +0000 [MT] Processing step: IDEDistributionAppStoreInformationStep
2024-06-17 08:02:23 +0000 [MT] Skipping step: IDEDistributionAppStoreInformationStep because it said so
2024-06-17 08:02:23 +0000 [MT] Processing step: IDEDistributionGenerateProcessedDistributionItems
2024-06-17 08:02:23 +0000 [MT] IDEDistributionItem init <DVTFilePath:0x600002e6e140:'/var/folders/3r/zk3brfv12dg7qzhgyvg_79yc0000gn/T/XcodeDistPipeline.~~~LiLctM/Root/Payload/CatsAndModules_IrynaNazar.app/Frameworks/Networking.framework'>
2024-06-17 08:02:23 +0000 [MT] IDEDistributionItem init <DVTFilePath:0x600002ad4b80:'/var/folders/3r/zk3brfv12dg7qzhgyvg_79yc0000gn/T/XcodeDistPipeline.~~~LiLctM/Root/Payload/CatsAndModules_IrynaNazar.app'>
2024-06-17 08:02:23 +0000 [MT] Processing step: IDEDistributionCreateManifestStep
